<?xml version="1.0" encoding="UTF-8"?>
<!-- Generated by org.testng.reporters.JUnitXMLReporter -->
<testsuite hostname="DESKTOP-C9T9OGT" failures="0" tests="3" name="Surefire test" time="83.997" errors="0" timestamp="20 May 2021 04:56:11 GMT">
  <testcase classname="Academy.HomePageTest" name="basePageNavigation" time="41.748"/>
  <testcase classname="Academy.HomePageTest" name="basePageNavigation" time="8.981"/>
  <testcase classname="Academy.validateTitleTest" name="basePageNavigation" time="0.131"/>
</testsuite> <!-- Surefire test -->
