<?xml version="1.0" encoding="UTF-8"?>
<testng-results total="3" passed="3" failed="0" skipped="0">
  <reporter-output>
  </reporter-output>
  <suite started-at="2021-05-20T04:54:47Z" name="Surefire suite" finished-at="2021-05-20T04:56:11Z" duration-ms="83997">
    <groups>
    </groups>
    <test started-at="2021-05-20T04:54:47Z" name="Surefire test" finished-at="2021-05-20T04:56:11Z" duration-ms="83997">
      <class name="Academy.HomePageTest">
        <test-method is-config="true" signature="initialize()[pri:0, instance:Academy.HomePageTest@72c8e7b]" started-at="2021-05-20T09:54:47Z" name="initialize" finished-at="2021-05-20T09:54:54Z" duration-ms="7468" status="PASS">
          <reporter-output>
          </reporter-output>
        </test-method> <!-- initialize -->
        <test-method is-config="true" signature="initialize()[pri:0, instance:Academy.validateTitleTest@dc7df28]" started-at="2021-05-20T09:54:54Z" name="initialize" finished-at="2021-05-20T09:55:19Z" duration-ms="25265" status="PASS">
          <reporter-output>
          </reporter-output>
        </test-method> <!-- initialize -->
        <test-method signature="basePageNavigation(java.lang.String, java.lang.String, java.lang.String)[pri:0, instance:Academy.HomePageTest@72c8e7b]" started-at="2021-05-20T09:55:19Z" name="basePageNavigation" data-provider="getData" finished-at="2021-05-20T09:56:01Z" duration-ms="41748" status="PASS">
          <params>
            <param index="0">
              <value>
                <![CDATA[non@gmail.com]]>
              </value>
            </param>
            <param index="1">
              <value>
                <![CDATA[nonpass]]>
              </value>
            </param>
            <param index="2">
              <value>
                <![CDATA[non restricted user]]>
              </value>
            </param>
          </params>
          <reporter-output>
          </reporter-output>
        </test-method> <!-- basePageNavigation -->
        <test-method signature="basePageNavigation(java.lang.String, java.lang.String, java.lang.String)[pri:0, instance:Academy.HomePageTest@72c8e7b]" started-at="2021-05-20T09:56:01Z" name="basePageNavigation" data-provider="getData" finished-at="2021-05-20T09:56:10Z" duration-ms="8981" status="PASS">
          <params>
            <param index="0">
              <value>
                <![CDATA[restrict@gmail.com]]>
              </value>
            </param>
            <param index="1">
              <value>
                <![CDATA[restrictpass]]>
              </value>
            </param>
            <param index="2">
              <value>
                <![CDATA[nrestricted user]]>
              </value>
            </param>
          </params>
          <reporter-output>
          </reporter-output>
        </test-method> <!-- basePageNavigation -->
        <test-method is-config="true" signature="teardown()[pri:0, instance:Academy.HomePageTest@72c8e7b]" started-at="2021-05-20T09:56:10Z" name="teardown" finished-at="2021-05-20T09:56:10Z" duration-ms="186" status="PASS">
          <reporter-output>
          </reporter-output>
        </test-method> <!-- teardown -->
        <test-method is-config="true" signature="teardown()[pri:0, instance:Academy.validateTitleTest@dc7df28]" started-at="2021-05-20T09:56:10Z" name="teardown" finished-at="2021-05-20T09:56:11Z" duration-ms="199" status="PASS">
          <reporter-output>
          </reporter-output>
        </test-method> <!-- teardown -->
      </class> <!-- Academy.HomePageTest -->
      <class name="Academy.validateTitleTest">
        <test-method signature="basePageNavigation()[pri:0, instance:Academy.validateTitleTest@dc7df28]" started-at="2021-05-20T09:56:10Z" name="basePageNavigation" finished-at="2021-05-20T09:56:10Z" duration-ms="131" status="PASS">
          <reporter-output>
          </reporter-output>
        </test-method> <!-- basePageNavigation -->
      </class> <!-- Academy.validateTitleTest -->
    </test> <!-- Surefire test -->
  </suite> <!-- Surefire suite -->
</testng-results>
